[Thread 140279334098624] Number: 2.000000
[Thread 140279334098624] Number: 2.000000
[Thread 140279334098624] Addition: 2.000000 + 2.000000
[Thread 140279325705920] Number: 2.000000
[Thread 140279325705920] Number: 2.000000
[Thread 140279325705920] Addition: 2.000000 + 2.000000
[Thread 140279334098624] Number: 3.000000
[Thread 140279334098624] Number: 1.000000
[Thread 140279334098624] Addition: 3.000000 + 1.000000
[Thread 140279325705920] Number: 44.000000
[Thread 140279325705920] Number: 6.000000
[Thread 140279325705920] Addition: 44.000000 + 6.000000
[Thread 140279334098624] Number: 33.000000
[Thread 140279334098624] Number: 6.000000
[Thread 140279334098624] Addition: 33.000000 + 6.000000
[Thread 140279325705920] Number: 423.000000
[Thread 140279325705920] Number: 2324.000000
[Thread 140279325705920] Division: 2324.000000 / 423.000000
[Thread 140279334098624] Number: 21.000000
[Thread 140279334098624] Number: 4.000000
[Thread 140279334098624] Number: 3.000000
[Thread 140279334098624] Division: 3.000000 / 4.000000
[Thread 140279325705920] Number: 2.000000
[Thread 140279325705920] Number: 3.000000
[Thread 140279325705920] Multiplication: 2.000000 * 3.000000
[Thread 140279334098624] Number: 32.000000
